# JRE version: Java(TM) SE Runtime Environment (15.0+36) (build 15+36-1562)
# Java VM: Java HotSpot(TM) 64-Bit Server VM (15+36-1562, mixed mode, sharing, tiered, compressed oops, g1 gc, bsd-amd64)
GC Precious Log:
 CPUs: 16 total, 16 available
 Memory: 16384M
 Large Page Support: Disabled
 NUMA Support: Disabled
 Compressed Oops: Enabled (Zero based)
 Heap Region Size: 2M
 Heap Min Capacity: 8M
 Heap Initial Capacity: 256M
 Heap Max Capacity: 4G
 Pre-touch: Disabled
 Parallel Workers: 13
 Concurrent Workers: 3
 Concurrent Refinement Workers: 13
 Periodic GC: Disabled
Heap:
 garbage-first heap   total 75776K, used 29399K [0x0000000700000000, 0x0000000800000000)
  region size 2048K, 7 young (14336K), 1 survivors (2048K)
 Metaspace       used 37578K, capacity 38088K, committed 38272K, reserved 1083392K
  class space    used 3944K, capacity 4108K, committed 4224K, reserved 1048576K
GC Heap History (20 events):
Event: 55.026 GC heap before
{Heap before GC invocations=162 (full 58):
 garbage-first heap   total 75776K, used 58066K [0x0000000700000000, 0x0000000800000000)
  region size 2048K, 20 young (40960K), 1 survivors (2048K)
 Metaspace       used 37567K, capacity 38088K, committed 38272K, reserved 1083392K
  class space    used 3943K, capacity 4108K, committed 4224K, reserved 1048576K
}
Event: 55.026 GC heap after
{Heap after GC invocations=163 (full 58):
 garbage-first heap   total 75776K, used 19157K [0x0000000700000000, 0x0000000800000000)
  region size 2048K, 1 young (2048K), 1 survivors (2048K)
 Metaspace       used 37567K, capacity 38088K, committed 38272K, reserved 1083392K
  class space    used 3943K, capacity 4108K, committed 4224K, reserved 1048576K
}
Event: 55.499 GC heap before
{Heap before GC invocations=163 (full 58):
 garbage-first heap   total 75776K, used 58069K [0x0000000700000000, 0x0000000800000000)
  region size 2048K, 20 young (40960K), 1 survivors (2048K)
 Metaspace       used 37567K, capacity 38088K, committed 38272K, reserved 1083392K
  class space    used 3943K, capacity 4108K, committed 4224K, reserved 1048576K
}
Event: 55.499 GC heap after
{Heap after GC invocations=164 (full 58):
 garbage-first heap   total 75776K, used 19175K [0x0000000700000000, 0x0000000800000000)
  region size 2048K, 1 young (2048K), 1 survivors (2048K)
 Metaspace       used 37567K, capacity 38088K, committed 38272K, reserved 1083392K
  class space    used 3943K, capacity 4108K, committed 4224K, reserved 1048576K
}
Event: 55.979 GC heap before
{Heap before GC invocations=164 (full 58):
 garbage-first heap   total 75776K, used 58087K [0x0000000700000000, 0x0000000800000000)
  region size 2048K, 20 young (40960K), 1 survivors (2048K)
 Metaspace       used 37567K, capacity 38088K, committed 38272K, reserved 1083392K
  class space    used 3943K, capacity 4108K, committed 4224K, reserved 1048576K
}
Event: 55.979 GC heap after
{Heap after GC invocations=165 (full 58):
 garbage-first heap   total 75776K, used 19218K [0x0000000700000000, 0x0000000800000000)
  region size 2048K, 1 young (2048K), 1 survivors (2048K)
 Metaspace       used 37567K, capacity 38088K, committed 38272K, reserved 1083392K
  class space    used 3943K, capacity 4108K, committed 4224K, reserved 1048576K
}
Event: 56.442 GC heap before
{Heap before GC invocations=165 (full 58):
 garbage-first heap   total 75776K, used 58130K [0x0000000700000000, 0x0000000800000000)
  region size 2048K, 20 young (40960K), 1 survivors (2048K)
 Metaspace       used 37567K, capacity 38088K, committed 38272K, reserved 1083392K
  class space    used 3943K, capacity 4108K, committed 4224K, reserved 1048576K
}
Event: 56.443 GC heap after
{Heap after GC invocations=166 (full 58):
 garbage-first heap   total 75776K, used 19216K [0x0000000700000000, 0x0000000800000000)
  region size 2048K, 1 young (2048K), 1 survivors (2048K)
 Metaspace       used 37567K, capacity 38088K, committed 38272K, reserved 1083392K
  class space    used 3943K, capacity 4108K, committed 4224K, reserved 1048576K
}
Event: 56.920 GC heap before
{Heap before GC invocations=166 (full 58):
 garbage-first heap   total 75776K, used 58128K [0x0000000700000000, 0x0000000800000000)
  region size 2048K, 20 young (40960K), 1 survivors (2048K)
 Metaspace       used 37570K, capacity 38088K, committed 38272K, reserved 1083392K
  class space    used 3944K, capacity 4108K, committed 4224K, reserved 1048576K
}
Event: 56.921 GC heap after
{Heap after GC invocations=167 (full 58):
 garbage-first heap   total 75776K, used 19168K [0x0000000700000000, 0x0000000800000000)
  region size 2048K, 1 young (2048K), 1 survivors (2048K)
 Metaspace       used 37570K, capacity 38088K, committed 38272K, reserved 1083392K
  class space    used 3944K, capacity 4108K, committed 4224K, reserved 1048576K
}
Event: 57.370 GC heap before
{Heap before GC invocations=167 (full 58):
 garbage-first heap   total 75776K, used 58080K [0x0000000700000000, 0x0000000800000000)
  region size 2048K, 20 young (40960K), 1 survivors (2048K)
 Metaspace       used 37570K, capacity 38088K, committed 38272K, reserved 1083392K
  class space    used 3944K, capacity 4108K, committed 4224K, reserved 1048576K
}
Event: 57.371 GC heap after
{Heap after GC invocations=168 (full 58):
 garbage-first heap   total 75776K, used 19169K [0x0000000700000000, 0x0000000800000000)
  region size 2048K, 1 young (2048K), 1 survivors (2048K)
 Metaspace       used 37570K, capacity 38088K, committed 38272K, reserved 1083392K
  class space    used 3944K, capacity 4108K, committed 4224K, reserved 1048576K
}
Event: 57.837 GC heap before
{Heap before GC invocations=168 (full 58):
 garbage-first heap   total 75776K, used 58081K [0x0000000700000000, 0x0000000800000000)
  region size 2048K, 20 young (40960K), 1 survivors (2048K)
 Metaspace       used 37570K, capacity 38088K, committed 38272K, reserved 1083392K
  class space    used 3944K, capacity 4108K, committed 4224K, reserved 1048576K
}
Event: 57.838 GC heap after
{Heap after GC invocations=169 (full 58):
 garbage-first heap   total 75776K, used 19168K [0x0000000700000000, 0x0000000800000000)
  region size 2048K, 1 young (2048K), 1 survivors (2048K)
 Metaspace       used 37570K, capacity 38088K, committed 38272K, reserved 1083392K
  class space    used 3944K, capacity 4108K, committed 4224K, reserved 1048576K
}
Event: 58.286 GC heap before
{Heap before GC invocations=169 (full 58):
 garbage-first heap   total 75776K, used 58080K [0x0000000700000000, 0x0000000800000000)
  region size 2048K, 20 young (40960K), 1 survivors (2048K)
 Metaspace       used 37570K, capacity 38088K, committed 38272K, reserved 1083392K
  class space    used 3944K, capacity 4108K, committed 4224K, reserved 1048576K
}
Event: 58.286 GC heap after
{Heap after GC invocations=170 (full 58):
 garbage-first heap   total 75776K, used 19169K [0x0000000700000000, 0x0000000800000000)
  region size 2048K, 1 young (2048K), 1 survivors (2048K)
 Metaspace       used 37570K, capacity 38088K, committed 38272K, reserved 1083392K
  class space    used 3944K, capacity 4108K, committed 4224K, reserved 1048576K
}
Event: 58.747 GC heap before
{Heap before GC invocations=170 (full 58):
 garbage-first heap   total 75776K, used 58081K [0x0000000700000000, 0x0000000800000000)
  region size 2048K, 20 young (40960K), 1 survivors (2048K)
 Metaspace       used 37570K, capacity 38088K, committed 38272K, reserved 1083392K
  class space    used 3944K, capacity 4108K, committed 4224K, reserved 1048576K
}
Event: 58.748 GC heap after
{Heap after GC invocations=171 (full 58):
 garbage-first heap   total 75776K, used 19172K [0x0000000700000000, 0x0000000800000000)
  region size 2048K, 1 young (2048K), 1 survivors (2048K)
 Metaspace       used 37570K, capacity 38088K, committed 38272K, reserved 1083392K
  class space    used 3944K, capacity 4108K, committed 4224K, reserved 1048576K
}
Event: 59.200 GC heap before
{Heap before GC invocations=171 (full 58):
 garbage-first heap   total 75776K, used 58084K [0x0000000700000000, 0x0000000800000000)
  region size 2048K, 20 young (40960K), 1 survivors (2048K)
 Metaspace       used 37570K, capacity 38088K, committed 38272K, reserved 1083392K
  class space    used 3944K, capacity 4108K, committed 4224K, reserved 1048576K
}
Event: 59.200 GC heap after
{Heap after GC invocations=172 (full 58):
 garbage-first heap   total 75776K, used 19159K [0x0000000700000000, 0x0000000800000000)
  region size 2048K, 1 young (2048K), 1 survivors (2048K)
 Metaspace       used 37570K, capacity 38088K, committed 38272K, reserved 1083392K
  class space    used 3944K, capacity 4108K, committed 4224K, reserved 1048576K
}

